<?xml version="1.0" encoding="UTF-8"?>
<!-- Generated by org.testng.reporters.JUnitXMLReporter -->
<testsuite ignored="2" hostname="YADAVSARKAR" failures="0" tests="0" time="0.038" errors="0" timestamp="2023-03-11T17:52:11 IST">
  <testcase classname="org.learn.vtiger.testScripts.VerifyLoginTestCases" name="toTest_verifyLoginWithValidCredentials" time="0.0">
    <ignored/>
  </testcase> <!-- toTest_verifyLoginWithValidCredentials -->
  <testcase classname="org.learn.vtiger.testScripts.VerifyLoginTestCases" name="toTest_verifyLoginWithInValidCredentials" time="0.0">
    <ignored/>
  </testcase> <!-- toTest_verifyLoginWithInValidCredentials -->
</testsuite>
