<?xml version="1.0" encoding="UTF-8"?>
<!-- Generated by org.testng.reporters.JUnitXMLReporter -->
<testsuite ignored="0" hostname="YADAVSARKAR" failures="1" tests="1" name="AccountScript" time="0.209" errors="0" timestamp="2023-03-14T22:52:26 IST">
  <testcase classname="org.learn.vtiger.testScripts.VerifyAccountsTestCases" name="toTest_verifyAccountCreations" time="0.118">
    <failure type="java.lang.NullPointerException" message="Cannot invoke &amp;quot;com.aventstack.extentreports.ExtentTest.log(com.aventstack.extentreports.Status, String)&amp;quot; because &amp;quot;this.extTest&amp;quot; is null">
      <![CDATA[java.lang.NullPointerException: Cannot invoke "com.aventstack.extentreports.ExtentTest.log(com.aventstack.extentreports.Status, String)" because "this.extTest" is null
at org.learn.vtiger.utility.Utility.readDataFromProperties(Utility.java:732)
at org.learn.vtiger.testScripts.VerifyAccountsTestCases.toTest_verifyAccountCreations(VerifyAccountsTestCases.java:28)
at java.base/java.util.ArrayList.forEach(ArrayList.java:1511)
... Removed 27 stack frames]]>
    </failure>
  </testcase> <!-- toTest_verifyAccountCreations -->
</testsuite> <!-- AccountScript -->
