<?xml version="1.0" encoding="UTF-8"?>
<!-- Generated by org.testng.reporters.JUnitXMLReporter -->
<testsuite ignored="0" hostname="YADAVSARKAR" failures="2" tests="2" name="LoginScript" time="0.307" errors="0" timestamp="2023-03-17T12:30:44 IST">
  <testcase classname="org.learn.vtiger.testScripts.VerifyLoginTestCases" name="toTest_verifyLoginWithInValidCredentials" time="0.026">
    <failure type="java.lang.NullPointerException" message="Cannot invoke &amp;quot;com.aventstack.extentreports.ExtentTest.log(com.aventstack.extentreports.Status, String)&amp;quot; because &amp;quot;this.extTest&amp;quot; is null">
      <![CDATA[java.lang.NullPointerException: Cannot invoke "com.aventstack.extentreports.ExtentTest.log(com.aventstack.extentreports.Status, String)" because "this.extTest" is null
at org.learn.vtiger.utility.Utility.readDataFromProperties(Utility.java:738)
at org.learn.vtiger.testScripts.VerifyLoginTestCases.toTest_verifyLoginWithInValidCredentials(VerifyLoginTestCases.java:48)
at java.base/java.util.ArrayList.forEach(ArrayList.java:1511)
... Removed 27 stack frames]]>
    </failure>
  </testcase> <!-- toTest_verifyLoginWithInValidCredentials -->
  <testcase classname="org.learn.vtiger.testScripts.VerifyLoginTestCases" name="toTest_verifyLoginWithValidCredentials" time="0.12">
    <failure type="java.lang.NullPointerException" message="Cannot invoke &amp;quot;com.aventstack.extentreports.ExtentTest.log(com.aventstack.extentreports.Status, String)&amp;quot; because &amp;quot;this.extTest&amp;quot; is null">
      <![CDATA[java.lang.NullPointerException: Cannot invoke "com.aventstack.extentreports.ExtentTest.log(com.aventstack.extentreports.Status, String)" because "this.extTest" is null
at org.learn.vtiger.utility.Utility.readDataFromProperties(Utility.java:738)
at org.learn.vtiger.testScripts.VerifyLoginTestCases.toTest_verifyLoginWithValidCredentials(VerifyLoginTestCases.java:30)
at java.base/java.util.ArrayList.forEach(ArrayList.java:1511)
... Removed 27 stack frames]]>
    </failure>
  </testcase> <!-- toTest_verifyLoginWithValidCredentials -->
</testsuite> <!-- LoginScript -->
